2025-03-02 20:20:23,723 - [START] Bắt đầu theo dõi thay đổi trong repository...
2025-03-02 20:20:23,723 - [PATH] Đường dẫn repository: C:\VF\Auto_Commit
2025-03-02 20:22:13,834 - [STOP] Đã dừng theo dõi repository
2025-03-02 20:44:47,472 - [START] Bắt đầu theo dõi thay đổi trong repository...
2025-03-02 20:44:47,472 - [PATH] Đường dẫn repository: C:\VF\Auto_Commit
2025-03-02 20:44:58,656 - [SUCCESS] Đã commit và push thành công (thủ công):
Manual commit at 2025-03-02 20:44:56

Changed files: auto_commit.log, auto_commit.py
2025-03-02 20:47:03,997 - [START] Bắt đầu theo dõi thay đổi trong repository...
2025-03-02 20:47:03,997 - [PATH] Đường dẫn repository: C:\VF\Auto_Commit
2025-03-02 20:49:24,810 - [START] Bắt đầu theo dõi thay đổi trong repository...
2025-03-02 20:49:24,810 - [PATH] Đường dẫn repository: C:\VF\Auto_Commit
2025-03-02 20:53:25,289 - [STOP] Đã dừng theo dõi repository
2025-03-02 21:05:52,701 - [START] Bắt đầu theo dõi thay đổi trong repository...
2025-03-02 21:05:52,701 - [PATH] Đường dẫn repository: C:\VF\Auto_Commit
2025-03-02 21:08:12,142 - [START] Bắt đầu theo dõi thay đổi trong repository...
2025-03-02 21:08:12,142 - [PATH] Đường dẫn repository: C:\VF\Auto_Commit
2025-03-02 21:08:20,736 - [SUCCESS] Đã commit và push thành công:
Auto commit at 2025-03-02 21:08:18

Changed files: auto_commit.log, auto_commit.py
